<?xml version="1.0" encoding="UTF-8"?><testsuite errors="0" failures="0" name="com.videogameapp.videoGameTest.VideoGameTest" skipped="0" tests="7" time="4.18" timestamp="2021-07-21T17:51:25.233+01:00[Europe/London]"><testcase classname="com.videogameapp.videoGameTest.VideoGameTest" name="This is create a new video game with json"/><testcase classname="com.videogameapp.videoGameTest.VideoGameTest" name="Verify if the video game was added to the application"/><testcase classname="com.videogameapp.videoGameTest.VideoGameTest" name="This will update the video game information and verify information"/><testcase classname="com.videogameapp.videoGameTest.VideoGameTest" name="This will delete the video game"/><testcase classname="com.videogameapp.videoGameTest.VideoGameTest" name="This will get all Video game"/><testcase classname="com.videogameapp.videoGameTest.VideoGameTest" name="This will get single video game"/><testcase classname="com.videogameapp.videoGameTest.VideoGameTest" name="This will create new video game with xml format"/></testsuite>